<?xml version="1.0" encoding="UTF-8"?>
<robot generator="Robot 3.2.2 (Python 3.7.4 on win32)" generated="20201230 11:44:22.390" rpa="false">
<suite id="s1" name="Dialogs" source="C:\Users\Vimal\robotscripts\first-scripts\demo\dialogs.robot">
<test id="s1-t1" name="Logged out user can search for prodcuts">
<kw name="Begin Web Test" library="Common" type="setup">
<kw name="Open Browser" library="SeleniumLibrary">
<doc>Opens a new browser instance to the optional ``url``.</doc>
<arguments>
<arg>about:blank</arg>
<arg>${BROWSER}</arg>
</arguments>
<msg timestamp="20201230 11:44:23.461" level="INFO">Opening browser 'chrome' to base url 'about:blank'.</msg>
<status status="PASS" starttime="20201230 11:44:23.459" endtime="20201230 11:44:29.281"></status>
</kw>
<status status="PASS" starttime="20201230 11:44:23.458" endtime="20201230 11:44:29.281"></status>
</kw>
<kw name="Get Selection From User" library="Dialogs">
<doc>Pauses test execution and asks user to select a value.</doc>
<arguments>
<arg>Which Browser?</arg>
<arg>chrome</arg>
<arg>ie</arg>
<arg>firefox</arg>
</arguments>
<assign>
<var>${new_browser}</var>
</assign>
<msg timestamp="20201230 11:44:33.871" level="INFO">${new_browser} = chrome</msg>
<status status="PASS" starttime="20201230 11:44:29.283" endtime="20201230 11:44:33.871"></status>
</kw>
<kw name="Set Global Variable" library="BuiltIn">
<doc>Makes a variable available globally in all tests and suites.</doc>
<arguments>
<arg>${BROWSER}</arg>
<arg>${new_browser}</arg>
</arguments>
<msg timestamp="20201230 11:44:33.883" level="INFO">${BROWSER} = chrome</msg>
<status status="PASS" starttime="20201230 11:44:33.881" endtime="20201230 11:44:33.883"></status>
</kw>
<kw name="Search for Products" library="Amazon">
<kw name="Load" library="LandingPage">
<kw name="Go To" library="SeleniumLibrary">
<doc>Navigates the current browser window to the provided ``url``.</doc>
<arguments>
<arg>${START_URL}</arg>
</arguments>
<msg timestamp="20201230 11:44:33.887" level="INFO">Opening url 'https://www.amazon.com'</msg>
<status status="PASS" starttime="20201230 11:44:33.887" endtime="20201230 11:44:38.594"></status>
</kw>
<status status="PASS" starttime="20201230 11:44:33.886" endtime="20201230 11:44:38.595"></status>
</kw>
<kw name="Verify Page Loaded" library="LandingPage">
<kw name="Set Selenium Implicit Wait" library="SeleniumLibrary">
<doc>Sets the implicit wait value used by Selenium.</doc>
<arguments>
<arg>1s</arg>
</arguments>
<status status="PASS" starttime="20201230 11:44:38.596" endtime="20201230 11:44:38.599"></status>
</kw>
<status status="PASS" starttime="20201230 11:44:38.595" endtime="20201230 11:44:38.599"></status>
</kw>
<kw name="Search For Products" library="TopNav">
<kw name="Enter Search Term" library="TopNav">
<kw name="Input Text" library="SeleniumLibrary">
<doc>Types the given ``text`` into the text field identified by ``locator``.</doc>
<arguments>
<arg>${TOPNAV_SEARCH_BAR}</arg>
<arg>${SEARCH_TERM}</arg>
</arguments>
<msg timestamp="20201230 11:44:38.602" level="INFO">Typing text 'Fish food' into text field 'id=twotabsearchtextbox'.</msg>
<status status="PASS" starttime="20201230 11:44:38.601" endtime="20201230 11:44:39.376"></status>
</kw>
<status status="PASS" starttime="20201230 11:44:38.600" endtime="20201230 11:44:39.377"></status>
</kw>
<kw name="Submit Search" library="TopNav">
<kw name="Click Button" library="SeleniumLibrary">
<doc>Clicks the button identified by ``locator``.</doc>
<arguments>
<arg>${TOPNAV_SEARCH_BUTTON}</arg>
</arguments>
<msg timestamp="20201230 11:44:39.379" level="INFO">Clicking button 'xpath=//*[@id="nav-search-submit-text"]/input'.</msg>
<status status="PASS" starttime="20201230 11:44:39.378" endtime="20201230 11:44:43.901"></status>
</kw>
<status status="PASS" starttime="20201230 11:44:39.377" endtime="20201230 11:44:43.901"></status>
</kw>
<status status="PASS" starttime="20201230 11:44:38.600" endtime="20201230 11:44:43.901"></status>
</kw>
<kw name="Verify Search Completed" library="SearchResults">
<kw name="Wait Until Page Contains" library="SeleniumLibrary">
<doc>Waits until ``text`` appears on the current page.</doc>
<arguments>
<arg>results for "${SEARCH_TERM}"</arg>
</arguments>
<status status="PASS" starttime="20201230 11:44:43.903" endtime="20201230 11:44:44.153"></status>
</kw>
<status status="PASS" starttime="20201230 11:44:43.902" endtime="20201230 11:44:44.153"></status>
</kw>
<status status="PASS" starttime="20201230 11:44:33.885" endtime="20201230 11:44:44.154"></status>
</kw>
<kw name="Close Web Test" library="Common" type="teardown">
<kw name="Close Browser" library="SeleniumLibrary">
<doc>Closes the current browser.</doc>
<status status="PASS" starttime="20201230 11:44:44.156" endtime="20201230 11:44:47.934"></status>
</kw>
<status status="PASS" starttime="20201230 11:44:44.155" endtime="20201230 11:44:47.934"></status>
</kw>
<tags>
<tag>Web</tag>
</tags>
<status status="PASS" starttime="20201230 11:44:23.456" endtime="20201230 11:44:47.935" critical="yes"></status>
</test>
<test id="s1-t2" name="Logged out user can add product to cart">
<kw name="Begin Web Test" library="Common" type="setup">
<kw name="Open Browser" library="SeleniumLibrary">
<doc>Opens a new browser instance to the optional ``url``.</doc>
<arguments>
<arg>about:blank</arg>
<arg>${BROWSER}</arg>
</arguments>
<msg timestamp="20201230 11:44:47.947" level="INFO">Opening browser 'chrome' to base url 'about:blank'.</msg>
<status status="PASS" starttime="20201230 11:44:47.946" endtime="20201230 11:44:51.888"></status>
</kw>
<status status="PASS" starttime="20201230 11:44:47.945" endtime="20201230 11:44:51.888"></status>
</kw>
<kw name="Search for Products" library="Amazon">
<kw name="Load" library="LandingPage">
<kw name="Go To" library="SeleniumLibrary">
<doc>Navigates the current browser window to the provided ``url``.</doc>
<arguments>
<arg>${START_URL}</arg>
</arguments>
<msg timestamp="20201230 11:44:51.892" level="INFO">Opening url 'https://www.amazon.com'</msg>
<status status="PASS" starttime="20201230 11:44:51.891" endtime="20201230 11:44:54.381"></status>
</kw>
<status status="PASS" starttime="20201230 11:44:51.890" endtime="20201230 11:44:54.381"></status>
</kw>
<kw name="Verify Page Loaded" library="LandingPage">
<kw name="Set Selenium Implicit Wait" library="SeleniumLibrary">
<doc>Sets the implicit wait value used by Selenium.</doc>
<arguments>
<arg>1s</arg>
</arguments>
<status status="PASS" starttime="20201230 11:44:54.383" endtime="20201230 11:44:54.391"></status>
</kw>
<status status="PASS" starttime="20201230 11:44:54.382" endtime="20201230 11:44:54.392"></status>
</kw>
<kw name="Search For Products" library="TopNav">
<kw name="Enter Search Term" library="TopNav">
<kw name="Input Text" library="SeleniumLibrary">
<doc>Types the given ``text`` into the text field identified by ``locator``.</doc>
<arguments>
<arg>${TOPNAV_SEARCH_BAR}</arg>
<arg>${SEARCH_TERM}</arg>
</arguments>
<msg timestamp="20201230 11:44:54.395" level="INFO">Typing text 'Fish food' into text field 'id=twotabsearchtextbox'.</msg>
<status status="PASS" starttime="20201230 11:44:54.394" endtime="20201230 11:44:56.104"></status>
</kw>
<status status="PASS" starttime="20201230 11:44:54.393" endtime="20201230 11:44:56.105"></status>
</kw>
<kw name="Submit Search" library="TopNav">
<kw name="Click Button" library="SeleniumLibrary">
<doc>Clicks the button identified by ``locator``.</doc>
<arguments>
<arg>${TOPNAV_SEARCH_BUTTON}</arg>
</arguments>
<msg timestamp="20201230 11:44:56.107" level="INFO">Clicking button 'xpath=//*[@id="nav-search-submit-text"]/input'.</msg>
<status status="PASS" starttime="20201230 11:44:56.106" endtime="20201230 11:45:00.516"></status>
</kw>
<status status="PASS" starttime="20201230 11:44:56.105" endtime="20201230 11:45:00.517"></status>
</kw>
<status status="PASS" starttime="20201230 11:44:54.392" endtime="20201230 11:45:00.517"></status>
</kw>
<kw name="Verify Search Completed" library="SearchResults">
<kw name="Wait Until Page Contains" library="SeleniumLibrary">
<doc>Waits until ``text`` appears on the current page.</doc>
<arguments>
<arg>results for "${SEARCH_TERM}"</arg>
</arguments>
<status status="PASS" starttime="20201230 11:45:00.518" endtime="20201230 11:45:00.643"></status>
</kw>
<status status="PASS" starttime="20201230 11:45:00.518" endtime="20201230 11:45:00.643"></status>
</kw>
<status status="PASS" starttime="20201230 11:44:51.889" endtime="20201230 11:45:00.644"></status>
</kw>
<kw name="Execute Manual Step" library="Dialogs">
<doc>Pauses test execution until user sets the keyword status.</doc>
<arguments>
<arg>Do Something Manually!</arg>
<arg>It Failed</arg>
</arguments>
<status status="PASS" starttime="20201230 11:45:00.647" endtime="20201230 11:45:04.586"></status>
</kw>
<kw name="Select Product From Search Results" library="Amazon">
<kw name="Click Product link" library="SearchResults">
<doc>Click on the product</doc>
<kw name="Click Element" library="SeleniumLibrary">
<doc>Click the element identified by ``locator``.</doc>
<arguments>
<arg>xpath=//*[@id="search"]/div[1]/div[2]/div/span[3]/div[2]/div[4]/div/span/div/div/div[2]/h2/a/span</arg>
</arguments>
<msg timestamp="20201230 11:45:04.634" level="INFO">Clicking element 'xpath=//*[@id="search"]/div[1]/div[2]/div/span[3]/div[2]/div[4]/div/span/div/div/div[2]/h2/a/span'.</msg>
<status status="PASS" starttime="20201230 11:45:04.633" endtime="20201230 11:45:11.836"></status>
</kw>
<status status="PASS" starttime="20201230 11:45:04.632" endtime="20201230 11:45:11.836"></status>
</kw>
<kw name="Verify Page Loaded" library="Product">
<kw name="Set Selenium Implicit Wait" library="SeleniumLibrary">
<doc>Sets the implicit wait value used by Selenium.</doc>
<arguments>
<arg>3s</arg>
</arguments>
<status status="PASS" starttime="20201230 11:45:11.838" endtime="20201230 11:45:11.840"></status>
</kw>
<status status="PASS" starttime="20201230 11:45:11.837" endtime="20201230 11:45:11.841"></status>
</kw>
<status status="PASS" starttime="20201230 11:45:04.631" endtime="20201230 11:45:11.841"></status>
</kw>
<kw name="Pause Execution" library="Dialogs">
<doc>Pauses test execution until user clicks ``Ok`` button.</doc>
<status status="PASS" starttime="20201230 11:45:11.842" endtime="20201230 11:45:16.116"></status>
</kw>
<kw name="Add Product To Cart" library="Amazon">
<kw name="Add to Cart" library="Product">
<kw name="Click Button" library="SeleniumLibrary">
<doc>Clicks the button identified by ``locator``.</doc>
<arguments>
<arg>xpath=//*[@id="add-to-cart-button"]</arg>
</arguments>
<msg timestamp="20201230 11:45:16.136" level="INFO">Clicking button 'xpath=//*[@id="add-to-cart-button"]'.</msg>
<kw name="Capture Page Screenshot" library="SeleniumLibrary">
<doc>Takes a screenshot of the current page and embeds it into a log file.</doc>
<msg timestamp="20201230 11:45:19.620" level="INFO" html="yes">&lt;/td&gt;&lt;/tr&gt;&lt;tr&gt;&lt;td colspan="3"&gt;&lt;a href="selenium-screenshot-1.png"&gt;&lt;img src="selenium-screenshot-1.png" width="800px"&gt;&lt;/a&gt;</msg>
<status status="PASS" starttime="20201230 11:45:19.211" endtime="20201230 11:45:19.620"></status>
</kw>
<msg timestamp="20201230 11:45:19.741" level="FAIL">ElementNotInteractableException: Message: element not interactable
  (Session info: chrome=87.0.4280.88)
</msg>
<status status="FAIL" starttime="20201230 11:45:16.135" endtime="20201230 11:45:19.742"></status>
</kw>
<status status="FAIL" starttime="20201230 11:45:16.134" endtime="20201230 11:45:19.742"></status>
</kw>
<status status="FAIL" starttime="20201230 11:45:16.133" endtime="20201230 11:45:19.742"></status>
</kw>
<kw name="Close Web Test" library="Common" type="teardown">
<kw name="Close Browser" library="SeleniumLibrary">
<doc>Closes the current browser.</doc>
<status status="PASS" starttime="20201230 11:45:19.745" endtime="20201230 11:45:23.559"></status>
</kw>
<status status="PASS" starttime="20201230 11:45:19.744" endtime="20201230 11:45:23.559"></status>
</kw>
<tags>
<tag>Web</tag>
</tags>
<status status="FAIL" starttime="20201230 11:44:47.944" endtime="20201230 11:45:23.560" critical="yes">ElementNotInteractableException: Message: element not interactable
  (Session info: chrome=87.0.4280.88)
</status>
</test>
<status status="FAIL" starttime="20201230 11:44:22.390" endtime="20201230 11:45:23.563"></status>
</suite>
<statistics>
<total>
<stat pass="1" fail="1">Critical Tests</stat>
<stat pass="1" fail="1">All Tests</stat>
</total>
<tag>
<stat pass="1" fail="1">Web</stat>
</tag>
<suite>
<stat pass="1" fail="1" id="s1" name="Dialogs">Dialogs</stat>
</suite>
</statistics>
<errors>
<msg timestamp="20201230 11:44:23.192" level="ERROR">Error in file 'C:\Users\Vimal\robotscripts\first-scripts\tests\Amazon.robot' on line 6: Setting 'Test Setup' is not allowed in resource file.</msg>
<msg timestamp="20201230 11:44:23.207" level="ERROR">Error in file 'C:\Users\Vimal\robotscripts\first-scripts\tests\Amazon.robot' on line 7: Setting 'Test Teardown' is not allowed in resource file.</msg>
<msg timestamp="20201230 11:44:23.208" level="ERROR">Error in file 'C:\Users\Vimal\robotscripts\first-scripts\resources\LandingPage.robot' on line 3: Error in file 'C:\Users\Vimal\robotscripts\first-scripts\tests\Amazon.robot' on line 16: Resource file with 'Test Cases' section is invalid.</msg>
<msg timestamp="20201230 11:44:23.242" level="ERROR">Error in file 'C:\Users\Vimal\robotscripts\first-scripts\tests\Amazon.robot' on line 6: Setting 'Test Setup' is not allowed in resource file.</msg>
<msg timestamp="20201230 11:44:23.252" level="ERROR">Error in file 'C:\Users\Vimal\robotscripts\first-scripts\tests\Amazon.robot' on line 7: Setting 'Test Teardown' is not allowed in resource file.</msg>
<msg timestamp="20201230 11:44:23.252" level="ERROR">Error in file 'C:\Users\Vimal\robotscripts\first-scripts\resources\SearchResults.robot' on line 4: Error in file 'C:\Users\Vimal\robotscripts\first-scripts\tests\Amazon.robot' on line 16: Resource file with 'Test Cases' section is invalid.</msg>
<msg timestamp="20201230 11:44:23.290" level="ERROR">Error in file 'C:\Users\Vimal\robotscripts\first-scripts\tests\Amazon.robot' on line 6: Setting 'Test Setup' is not allowed in resource file.</msg>
<msg timestamp="20201230 11:44:23.292" level="ERROR">Error in file 'C:\Users\Vimal\robotscripts\first-scripts\tests\Amazon.robot' on line 7: Setting 'Test Teardown' is not allowed in resource file.</msg>
<msg timestamp="20201230 11:44:23.292" level="ERROR">Error in file 'C:\Users\Vimal\robotscripts\first-scripts\resources\TopNav.robot' on line 5: Error in file 'C:\Users\Vimal\robotscripts\first-scripts\tests\Amazon.robot' on line 16: Resource file with 'Test Cases' section is invalid.</msg>
<msg timestamp="20201230 11:44:23.309" level="ERROR">Error in file 'C:\Users\Vimal\robotscripts\first-scripts\tests\Amazon.robot' on line 6: Setting 'Test Setup' is not allowed in resource file.</msg>
<msg timestamp="20201230 11:44:23.309" level="ERROR">Error in file 'C:\Users\Vimal\robotscripts\first-scripts\tests\Amazon.robot' on line 7: Setting 'Test Teardown' is not allowed in resource file.</msg>
<msg timestamp="20201230 11:44:23.326" level="ERROR">Error in file 'C:\Users\Vimal\robotscripts\first-scripts\resources\Common.robot' on line 3: Error in file 'C:\Users\Vimal\robotscripts\first-scripts\tests\Amazon.robot' on line 16: Resource file with 'Test Cases' section is invalid.</msg>
<msg timestamp="20201230 11:44:23.369" level="ERROR">Error in file 'C:\Users\Vimal\robotscripts\first-scripts\resources\Amazon.robot' on line 3: Resource file 'Resources\SignIn.robot' does not exist.</msg>
<msg timestamp="20201230 11:44:23.409" level="ERROR">Error in file 'C:\Users\Vimal\robotscripts\first-scripts\tests\Amazon.robot' on line 6: Setting 'Test Setup' is not allowed in resource file.</msg>
<msg timestamp="20201230 11:44:23.409" level="ERROR">Error in file 'C:\Users\Vimal\robotscripts\first-scripts\tests\Amazon.robot' on line 7: Setting 'Test Teardown' is not allowed in resource file.</msg>
<msg timestamp="20201230 11:44:23.409" level="ERROR">Error in file 'C:\Users\Vimal\robotscripts\first-scripts\resources\SignIn.robot' on line 4: Error in file 'C:\Users\Vimal\robotscripts\first-scripts\tests\Amazon.robot' on line 16: Resource file with 'Test Cases' section is invalid.</msg>
</errors>
</robot>
